<?xml version="1.0" encoding="UTF-8"?>
<testng-results ignored="0" total="1" passed="1" failed="0" skipped="0">
  <reporter-output>
  </reporter-output>
  <suite started-at="2025-10-04T20:22:22 WAT" name="Suite" finished-at="2025-10-04T20:23:15 WAT" duration-ms="53208">
    <groups>
      <group name="Master">
        <method signature="TC_001_LoginTest.verify_login()[pri:0, instance:testCases.TC_001_LoginTest@15c25153]" name="verify_login" class="testCases.TC_001_LoginTest"/>
      </group> <!-- Master -->
      <group name="Sanity">
        <method signature="TC_001_LoginTest.verify_login()[pri:0, instance:testCases.TC_001_LoginTest@15c25153]" name="verify_login" class="testCases.TC_001_LoginTest"/>
      </group> <!-- Sanity -->
    </groups>
    <test started-at="2025-10-04T20:22:22 WAT" name="Test" finished-at="2025-10-04T20:23:15 WAT" duration-ms="53208">
      <class name="testCases.TC_001_LoginTest">
        <test-method is-config="true" signature="setup(java.lang.String,java.lang.String)[pri:0, instance:testCases.TC_001_LoginTest@15c25153]" started-at="2025-10-04T20:22:22 WAT" name="setup" finished-at="2025-10-04T20:23:14 WAT" duration-ms="51860" status="PASS">
          <params>
            <param index="0">
              <value>
                <![CDATA[Windows]]>
              </value>
            </param>
            <param index="1">
              <value>
                <![CDATA[Chrome]]>
              </value>
            </param>
          </params>
          <reporter-output>
          </reporter-output>
        </test-method> <!-- setup -->
        <test-method signature="verify_login()[pri:0, instance:testCases.TC_001_LoginTest@15c25153]" started-at="2025-10-04T20:23:14 WAT" name="verify_login" finished-at="2025-10-04T20:23:15 WAT" duration-ms="568" status="PASS">
          <reporter-output>
          </reporter-output>
        </test-method> <!-- verify_login -->
        <test-method is-config="true" signature="tearDown()[pri:0, instance:testCases.TC_001_LoginTest@15c25153]" started-at="2025-10-04T20:23:15 WAT" name="tearDown" finished-at="2025-10-04T20:23:15 WAT" duration-ms="508" status="PASS">
          <reporter-output>
          </reporter-output>
        </test-method> <!-- tearDown -->
      </class> <!-- testCases.TC_001_LoginTest -->
    </test> <!-- Test -->
  </suite> <!-- Suite -->
</testng-results>
