<?xml version="1.0" encoding="UTF-8"?>
<testng-results ignored="0" total="2" passed="2" failed="0" skipped="0">
  <reporter-output>
  </reporter-output>
  <suite started-at="2025-10-05T21:21:20 WAT" name="Suite" finished-at="2025-10-05T21:23:06 WAT" duration-ms="105100">
    <groups>
      <group name="Master">
        <method signature="TC_001_LoginTest.verify_login()[pri:0, instance:testCases.TC_001_LoginTest@51e8e6e6]" name="verify_login" class="testCases.TC_001_LoginTest"/>
        <method signature="TC_002_AddToCartTest.verify_addToCart()[pri:0, instance:testCases.TC_002_AddToCartTest@5b408dc3]" name="verify_addToCart" class="testCases.TC_002_AddToCartTest"/>
      </group> <!-- Master -->
      <group name="Sanity">
        <method signature="TC_001_LoginTest.verify_login()[pri:0, instance:testCases.TC_001_LoginTest@51e8e6e6]" name="verify_login" class="testCases.TC_001_LoginTest"/>
        <method signature="TC_002_AddToCartTest.verify_addToCart()[pri:0, instance:testCases.TC_002_AddToCartTest@5b408dc3]" name="verify_addToCart" class="testCases.TC_002_AddToCartTest"/>
      </group> <!-- Sanity -->
    </groups>
    <test started-at="2025-10-05T21:21:20 WAT" name="Test" finished-at="2025-10-05T21:23:06 WAT" duration-ms="105100">
      <class name="testCases.TC_001_LoginTest">
        <test-method is-config="true" signature="setup(java.lang.String,java.lang.String)[pri:0, instance:testCases.TC_001_LoginTest@51e8e6e6]" started-at="2025-10-05T21:21:21 WAT" name="setup" finished-at="2025-10-05T21:22:13 WAT" duration-ms="52538" status="PASS">
          <params>
            <param index="0">
              <value>
                <![CDATA[Windows]]>
              </value>
            </param>
            <param index="1">
              <value>
                <![CDATA[Chrome]]>
              </value>
            </param>
          </params>
          <reporter-output>
          </reporter-output>
        </test-method> <!-- setup -->
        <test-method signature="verify_login()[pri:0, instance:testCases.TC_001_LoginTest@51e8e6e6]" started-at="2025-10-05T21:22:13 WAT" name="verify_login" finished-at="2025-10-05T21:22:14 WAT" duration-ms="618" status="PASS">
          <reporter-output>
          </reporter-output>
        </test-method> <!-- verify_login -->
        <test-method is-config="true" signature="tearDown()[pri:0, instance:testCases.TC_001_LoginTest@51e8e6e6]" started-at="2025-10-05T21:22:14 WAT" name="tearDown" finished-at="2025-10-05T21:22:14 WAT" duration-ms="536" status="PASS">
          <reporter-output>
          </reporter-output>
        </test-method> <!-- tearDown -->
      </class> <!-- testCases.TC_001_LoginTest -->
      <class name="testCases.TC_002_AddToCartTest">
        <test-method is-config="true" signature="setup(java.lang.String,java.lang.String)[pri:0, instance:testCases.TC_002_AddToCartTest@5b408dc3]" started-at="2025-10-05T21:22:14 WAT" name="setup" finished-at="2025-10-05T21:23:03 WAT" duration-ms="48254" status="PASS">
          <params>
            <param index="0">
              <value>
                <![CDATA[Windows]]>
              </value>
            </param>
            <param index="1">
              <value>
                <![CDATA[Chrome]]>
              </value>
            </param>
          </params>
          <reporter-output>
          </reporter-output>
        </test-method> <!-- setup -->
        <test-method signature="verify_addToCart()[pri:0, instance:testCases.TC_002_AddToCartTest@5b408dc3]" started-at="2025-10-05T21:23:03 WAT" name="verify_addToCart" finished-at="2025-10-05T21:23:03 WAT" duration-ms="710" status="PASS">
          <reporter-output>
          </reporter-output>
        </test-method> <!-- verify_addToCart -->
        <test-method is-config="true" signature="tearDown()[pri:0, instance:testCases.TC_002_AddToCartTest@5b408dc3]" started-at="2025-10-05T21:23:03 WAT" name="tearDown" finished-at="2025-10-05T21:23:06 WAT" duration-ms="2124" status="PASS">
          <reporter-output>
          </reporter-output>
        </test-method> <!-- tearDown -->
      </class> <!-- testCases.TC_002_AddToCartTest -->
    </test> <!-- Test -->
  </suite> <!-- Suite -->
</testng-results>
